<?xml version="1.0" encoding="UTF-8"?>
<!-- Generated by org.testng.reporters.JUnitReportReporter -->
<testsuite hostname="DESKTOP-FV0I4VU" name="Academy.HomePage" tests="2" failures="0" timestamp="1 May 2020 15:20:10 GMT" time="44.663" errors="0">
  <testcase name="basePageNavigation" time="30.661" classname="Academy.HomePage"/>
  <testcase name="basePageNavigation" time="14.002" classname="Academy.HomePage"/>
</testsuite> <!-- Academy.HomePage -->
